android/app/build/intermediates/manifest_merge_blame_file/release/manifest-merger-blame-release-report.txt
1<?xml version="1.0" encoding="utf-8"?>
2<manifest xmlns:android="http://schemas.android.com/apk/res/android"
3    package="com.tickernews"
4    android:versionCode="1"
5    android:versionName="1.0" >
6
7    <uses-sdk
8        android:minSdkVersion="21"
8-->src/main/AndroidManifest.xml
9        android:targetSdkVersion="33" />
9-->src/main/AndroidManifest.xml
10
11    <uses-permission android:name="android.permission.INTERNET" />
11-->src/main/AndroidManifest.xml:3:5-67
11-->src/main/AndroidManifest.xml:3:22-64
12    <uses-permission android:name="android.permission.ACCESS_NETWORK_STATE" />
12-->[:react-native-community_netinfo] AndroidManifest.xml:7:5-79
12-->[:react-native-community_netinfo] AndroidManifest.xml:7:22-76
13    <uses-permission android:name="android.permission.ACCESS_WIFI_STATE" />
13-->[:react-native-community_netinfo] AndroidManifest.xml:8:5-76
13-->[:react-native-community_netinfo] AndroidManifest.xml:8:22-73
14    <!--
15      android:icon is used to display launcher icon on mobile devices.
16      android:banner is used to display a rectangular banned launcher icon on Android TV devices.
17    -->
18    <application
18-->src/main/AndroidManifest.xml:9:5-31:19
19        android:name="com.tickernews.MainApplication"
19-->src/main/AndroidManifest.xml:10:7-38
20        android:allowBackup="false"
20-->src/main/AndroidManifest.xml:15:7-34
21        android:appComponentFactory="androidx.core.app.CoreComponentFactory"
21-->[androidx.core:core:1.7.0] AndroidManifest.xml:24:18-86
22        android:banner="@drawable/tv_banner"
22-->src/main/AndroidManifest.xml:12:7-43
23        android:icon="@mipmap/ic_launcher"
23-->src/main/AndroidManifest.xml:13:7-41
24        android:label="@string/app_name"
24-->src/main/AndroidManifest.xml:11:7-39
25        android:roundIcon="@mipmap/ic_launcher_round"
25-->src/main/AndroidManifest.xml:14:7-52
26        android:theme="@style/AppTheme" >
26-->src/main/AndroidManifest.xml:16:7-38
27        <activity
27-->src/main/AndroidManifest.xml:17:7-30:18
28            android:name="com.tickernews.MainActivity"
28-->src/main/AndroidManifest.xml:18:9-37
29            android:configChanges="keyboard|keyboardHidden|orientation|screenLayout|screenSize|smallestScreenSize|uiMode"
29-->src/main/AndroidManifest.xml:20:9-118
30            android:exported="true"
30-->src/main/AndroidManifest.xml:23:9-32
31            android:label="@string/app_name"
31-->src/main/AndroidManifest.xml:19:9-41
32            android:launchMode="singleTask"
32-->src/main/AndroidManifest.xml:21:9-40
33            android:windowSoftInputMode="adjustResize" >
33-->src/main/AndroidManifest.xml:22:9-51
34            <intent-filter>
34-->src/main/AndroidManifest.xml:24:9-29:25
35                <action android:name="android.intent.action.MAIN" />
35-->src/main/AndroidManifest.xml:25:13-65
35-->src/main/AndroidManifest.xml:25:21-62
36
37                <category android:name="android.intent.category.LAUNCHER" />
37-->src/main/AndroidManifest.xml:26:13-73
37-->src/main/AndroidManifest.xml:26:23-70
38                <!-- Needed to properly create a launch intent when running on Android TV -->
39                <category android:name="android.intent.category.LEANBACK_LAUNCHER" />
39-->src/main/AndroidManifest.xml:28:13-82
39-->src/main/AndroidManifest.xml:28:23-79
40            </intent-filter>
41        </activity>
42
43        <provider
43-->[androidx.emoji2:emoji2:1.0.0] AndroidManifest.xml:26:9-34:20
44            android:name="androidx.startup.InitializationProvider"
44-->[androidx.emoji2:emoji2:1.0.0] AndroidManifest.xml:27:13-67
45            android:authorities="com.tickernews.androidx-startup"
45-->[androidx.emoji2:emoji2:1.0.0] AndroidManifest.xml:28:13-68
46            android:exported="false" >
46-->[androidx.emoji2:emoji2:1.0.0] AndroidManifest.xml:29:13-37
47            <meta-data
47-->[androidx.emoji2:emoji2:1.0.0] AndroidManifest.xml:31:13-33:52
48                android:name="androidx.emoji2.text.EmojiCompatInitializer"
48-->[androidx.emoji2:emoji2:1.0.0] AndroidManifest.xml:32:17-75
49                android:value="androidx.startup" />
49-->[androidx.emoji2:emoji2:1.0.0] AndroidManifest.xml:33:17-49
50            <meta-data
50-->[androidx.lifecycle:lifecycle-process:2.4.0] AndroidManifest.xml:31:13-33:52
51                android:name="androidx.lifecycle.ProcessLifecycleInitializer"
51-->[androidx.lifecycle:lifecycle-process:2.4.0] AndroidManifest.xml:32:17-78
52                android:value="androidx.startup" />
52-->[androidx.lifecycle:lifecycle-process:2.4.0] AndroidManifest.xml:33:17-49
53        </provider>
54
55        <meta-data
55-->[com.facebook.soloader:soloader:0.10.5] AndroidManifest.xml:12:9-14:37
56            android:name="com.facebook.soloader.enabled"
56-->[com.facebook.soloader:soloader:0.10.5] AndroidManifest.xml:13:13-57
57            android:value="false" />
57-->[com.facebook.soloader:soloader:0.10.5] AndroidManifest.xml:14:13-34
58
59        <activity
59-->[com.jakewharton:process-phoenix:2.1.2] AndroidManifest.xml:8:9-12:75
60            android:name="com.jakewharton.processphoenix.ProcessPhoenix"
60-->[com.jakewharton:process-phoenix:2.1.2] AndroidManifest.xml:9:13-73
61            android:exported="false"
61-->[com.jakewharton:process-phoenix:2.1.2] AndroidManifest.xml:10:13-37
62            android:process=":phoenix"
62-->[com.jakewharton:process-phoenix:2.1.2] AndroidManifest.xml:11:13-39
63            android:theme="@android:style/Theme.Translucent.NoTitleBar" />
63-->[com.jakewharton:process-phoenix:2.1.2] AndroidManifest.xml:12:13-72
64    </application>
65
66</manifest>